<?xml version="1.0" encoding="utf-8"?><testsuites><testsuite name="pytest" errors="0" failures="0" skipped="1" tests="3" time="1.170" timestamp="2026-06-28T11:22:53.737583" hostname="vitamind"><testcase classname="vitamin_d.test.test_copyright" name="test_copyright" time="0.002"><skipped type="pytest.skip" message="No copyright header has been placed in the generated source file.">/home/vitamind/vitamin_d/vitamin_d_ws/src/vitamin_d/test/test_copyright.py:20: No copyright header has been placed in the generated source file.</skipped></testcase><testcase classname="vitamin_d.test.test_flake8" name="test_flake8" time="0.525" /><testcase classname="vitamin_d.test.test_pep257" name="test_pep257" time="0.145" /></testsuite></testsuites>